[38797:60186995:0527/194927.107373:INFO:components/enterprise/browser/controller/chrome_browser_cloud_management_controller.cc:202] No machine level policy manager exists.
[38797:60186995:0527/194927.946887:INFO:CONSOLE:649] "
It looks like you're using the development build of the Firebase JS SDK.
When deploying Firebase apps to production, it is advisable to only import
the individual SDK components you intend to use.

For the module builds, these are available in the following manner
(replace <PACKAGE> with the name of a component - i.e. auth, database, etc):

CommonJS Modules:
const firebase = require('firebase/app');
require('firebase/<PACKAGE>');

ES Modules:
import firebase from 'firebase/app';
import 'firebase/<PACKAGE>';

Typescript:
import firebase from 'firebase/app';
import 'firebase/<PACKAGE>';
", source: https://app.foreplay.co/js/chunk-vendors.6f283564.js (649)
[38797:60186995:0527/194928.057741:INFO:CONSOLE:1723] "Google Maps JavaScript API has been loaded directly without loading=async. This can result in suboptimal performance. For best-practice loading patterns please see https://goo.gle/js-api-loading", source: https://maps.googleapis.com/maps/api/js?key=AIzaSyDLwoogru4T0XwzmCDkSVArPEdIxBaFNks&libraries=places (1723)
[38797:60186995:0527/194928.075161:INFO:CONSOLE:4] "tw pixel loaded", source:  (4)
[38797:60186995:0527/194928.087038:INFO:CONSOLE:142] "[Meta Pixel] - Duplicate Pixel ID: 3218569585036331.", source: https://connect.facebook.net/en_US/fbevents.js (142)
[38797:60186995:0527/194928.148683:INFO:CONSOLE:2] "Rewardful is already loaded.", source: https://r.wdfl.co/rw.js (2)
[38797:60186995:0527/194928.254079:INFO:CONSOLE:1] "[Intercom] Launcher is disabled in settings or current page does not match display conditions", source: https://js.intercomcdn.com/frame-modern.51aaa0cd.js (1)
[38797:60186995:0527/194928.258052:INFO:CONSOLE:142] "[Meta Pixel] - You are sending a non-standard event 'scroll'. The preferred way to send these events is using trackCustom. See 'https://developers.facebook.com/docs/ads-for-websites/pixel-events/#events' for more information.", source: https://connect.facebook.net/en_US/fbevents.js (142)
[38797:60186995:0527/194928.258642:INFO:CONSOLE:142] "[Meta Pixel] - You are attempting to send an unverified event. The event was suppressed. Go to Events Manager to learn more.", source: https://connect.facebook.net/en_US/fbevents.js (142)
[38797:60186995:0527/194928.296628:INFO:CONSOLE:1] "setting theme", source: https://app.foreplay.co/js/app.537af32a.js (1)
[38797:60186995:0527/194928.392789:INFO:CONSOLE:1] "Error: The domain APP.FOREPLAY.CO is not authorized to show the cookie banner for domain group ID 45487605-e81f-4a12-ba75-89324469ec61. Please add it to the domain group in the Cookiebot Manager to authorize the domain.", source: https://consent.cookiebot.com/45487605-e81f-4a12-ba75-89324469ec61/cc.js?renew=false&referer=app.foreplay.co&dnt=false&init=false (1)
